<?xml version="1.0" encoding="UTF-8"?>
<!-- Generated by org.testng.reporters.JUnitXMLReporter -->
<testsuite hostname="Sudeep-PC" ignored="0" name="Default test" tests="14" failures="0" timestamp="03 Oct 2019 20:05:39 GMT" time="464.05" errors="0">
  <testcase name="TC01_A" time="37.465" classname="com.xero.Xero.XeroScriptsTest"/>
  <testcase name="TC01_B" time="30.557" classname="com.xero.Xero.XeroScriptsTest"/>
  <testcase name="TC01_C" time="28.78" classname="com.xero.Xero.XeroScriptsTest"/>
  <testcase name="TC01_D" time="24.569" classname="com.xero.Xero.XeroScriptsTest"/>
  <testcase name="TC02_A" time="41.024" classname="com.xero.Xero.XeroScriptsTest"/>
  <testcase name="TC02_B" time="25.542" classname="com.xero.Xero.XeroScriptsTest"/>
  <testcase name="TC02_C" time="29.963" classname="com.xero.Xero.XeroScriptsTest"/>
  <testcase name="TC02_D" time="20.453" classname="com.xero.Xero.XeroScriptsTest"/>
  <testcase name="TC02_E" time="21.559" classname="com.xero.Xero.XeroScriptsTest"/>
  <testcase name="TC03_A" time="59.374" classname="com.xero.Xero.XeroScriptsTest"/>
  <testcase name="TC04_A" time="34.629" classname="com.xero.Xero.XeroScriptsTest"/>
  <testcase name="TC06_A" time="38.653" classname="com.xero.Xero.XeroScriptsTest"/>
  <testcase name="TC08_A" time="36.616" classname="com.xero.Xero.XeroScriptsTest"/>
  <testcase name="TC10_A" time="34.743" classname="com.xero.Xero.XeroScriptsTest"/>
</testsuite> <!-- Default test -->
