<?xml version="1.0" encoding="UTF-8"?>
<!-- Generated by org.testng.reporters.JUnitXMLReporter -->
<testsuite hostname="Sudeep-PC" ignored="0" name="Test" tests="2" failures="1" timestamp="02 Oct 2019 23:48:08 GMT" time="266.068" errors="0">
  <testcase name="TC01" time="117.189" classname="com.xero.Xero.XeroScriptsTest">
    <failure type="java.lang.AssertionError" message="expected [A link to reset your password has been sent to:sushmachandran@gmail.com] but found [A link to reset your password has been sent to:
sushmachandran@gmail.com]">
      <![CDATA[java.lang.AssertionError: expected [A link to reset your password has been sent to:sushmachandran@gmail.com] but found [A link to reset your password has been sent to:
sushmachandran@gmail.com]
at com.xero.Xero.TC01_D.getCredentials(TC01_D.java:69)
at com.xero.Xero.TC01_D.forgotPassword(TC01_D.java:32)
at com.xero.Xero.XeroScriptsTest.TC01(XeroScriptsTest.java:13)
... Removed 31 stack frames]]>
    </failure>
  </testcase> <!-- TC01 -->
  <testcase name="TC02" time="148.811" classname="com.xero.Xero.XeroScriptsTest"/>
</testsuite> <!-- Test -->
