<?xml version="1.0" encoding="UTF-8"?>
<testng-results skipped="0" failed="0" ignored="0" total="13" passed="13">
  <reporter-output>
  </reporter-output>
  <suite name="Default suite" duration-ms="420857" started-at="2019-10-03T22:26:35Z" finished-at="2019-10-03T22:33:36Z">
    <groups>
    </groups>
    <test name="Default test" duration-ms="420857" started-at="2019-10-03T22:26:35Z" finished-at="2019-10-03T22:33:36Z">
      <class name="com.xero.Xero.XeroScriptsTest">
        <test-method status="PASS" signature="TC01_A()[pri:0, instance:com.xero.Xero.XeroScriptsTest@475530b9]" name="TC01_A" duration-ms="34391" started-at="2019-10-03T22:26:35Z" finished-at="2019-10-03T22:27:09Z">
          <reporter-output>
          </reporter-output>
        </test-method> <!-- TC01_A -->
        <test-method status="PASS" signature="TC01_B()[pri:1, instance:com.xero.Xero.XeroScriptsTest@475530b9]" name="TC01_B" duration-ms="29113" started-at="2019-10-03T22:27:09Z" finished-at="2019-10-03T22:27:39Z">
          <reporter-output>
          </reporter-output>
        </test-method> <!-- TC01_B -->
        <test-method status="PASS" signature="TC01_C()[pri:2, instance:com.xero.Xero.XeroScriptsTest@475530b9]" name="TC01_C" duration-ms="30230" started-at="2019-10-03T22:27:39Z" finished-at="2019-10-03T22:28:09Z">
          <reporter-output>
          </reporter-output>
        </test-method> <!-- TC01_C -->
        <test-method status="PASS" signature="TC01_D()[pri:3, instance:com.xero.Xero.XeroScriptsTest@475530b9]" name="TC01_D" duration-ms="25717" started-at="2019-10-03T22:28:09Z" finished-at="2019-10-03T22:28:34Z">
          <reporter-output>
          </reporter-output>
        </test-method> <!-- TC01_D -->
        <test-method status="PASS" signature="TC02_A()[pri:4, instance:com.xero.Xero.XeroScriptsTest@475530b9]" name="TC02_A" duration-ms="39001" started-at="2019-10-03T22:28:34Z" finished-at="2019-10-03T22:29:13Z">
          <reporter-output>
          </reporter-output>
        </test-method> <!-- TC02_A -->
        <test-method status="PASS" signature="TC02_B()[pri:5, instance:com.xero.Xero.XeroScriptsTest@475530b9]" name="TC02_B" duration-ms="29850" started-at="2019-10-03T22:29:13Z" finished-at="2019-10-03T22:29:43Z">
          <reporter-output>
          </reporter-output>
        </test-method> <!-- TC02_B -->
        <test-method status="PASS" signature="TC02_C()[pri:6, instance:com.xero.Xero.XeroScriptsTest@475530b9]" name="TC02_C" duration-ms="29823" started-at="2019-10-03T22:29:43Z" finished-at="2019-10-03T22:30:13Z">
          <reporter-output>
          </reporter-output>
        </test-method> <!-- TC02_C -->
        <test-method status="PASS" signature="TC02_D()[pri:7, instance:com.xero.Xero.XeroScriptsTest@475530b9]" name="TC02_D" duration-ms="19476" started-at="2019-10-03T22:30:13Z" finished-at="2019-10-03T22:30:33Z">
          <reporter-output>
          </reporter-output>
        </test-method> <!-- TC02_D -->
        <test-method status="PASS" signature="TC02_E()[pri:8, instance:com.xero.Xero.XeroScriptsTest@475530b9]" name="TC02_E" duration-ms="20455" started-at="2019-10-03T22:30:33Z" finished-at="2019-10-03T22:30:53Z">
          <reporter-output>
          </reporter-output>
        </test-method> <!-- TC02_E -->
        <test-method status="PASS" signature="TC03_A()[pri:9, instance:com.xero.Xero.XeroScriptsTest@475530b9]" name="TC03_A" duration-ms="55799" started-at="2019-10-03T22:30:53Z" finished-at="2019-10-03T22:31:49Z">
          <reporter-output>
          </reporter-output>
        </test-method> <!-- TC03_A -->
        <test-method status="PASS" signature="TC04_A()[pri:10, instance:com.xero.Xero.XeroScriptsTest@475530b9]" name="TC04_A" duration-ms="30595" started-at="2019-10-03T22:31:49Z" finished-at="2019-10-03T22:32:20Z">
          <reporter-output>
          </reporter-output>
        </test-method> <!-- TC04_A -->
        <test-method status="PASS" signature="TC06_A()[pri:11, instance:com.xero.Xero.XeroScriptsTest@475530b9]" name="TC06_A" duration-ms="37857" started-at="2019-10-03T22:32:20Z" finished-at="2019-10-03T22:32:57Z">
          <reporter-output>
          </reporter-output>
        </test-method> <!-- TC06_A -->
        <test-method status="PASS" signature="TC10_A()[pri:13, instance:com.xero.Xero.XeroScriptsTest@475530b9]" name="TC10_A" duration-ms="38472" started-at="2019-10-03T22:32:57Z" finished-at="2019-10-03T22:33:36Z">
          <reporter-output>
          </reporter-output>
        </test-method> <!-- TC10_A -->
      </class> <!-- com.xero.Xero.XeroScriptsTest -->
    </test> <!-- Default test -->
  </suite> <!-- Default suite -->
</testng-results>
